{"level":"warn","message":"¡Alerta!","timestamp":"2025-06-18T19:24:43.762Z"}
{"level":"error","message":"Error al obtener usuario 123abc: Cast to ObjectId failed for value \"123abc\" (type string) at path \"_id\" for model \"Users\"","timestamp":"2025-06-18T20:01:58.135Z"}
{"level":"error","message":"Error al obtener usuario 1: Cast to ObjectId failed for value \"1\" (type string) at path \"_id\" for model \"Users\"","timestamp":"2025-06-18T20:02:24.558Z"}
{"level":"error","message":"Error al obtener usuario :uid: Cast to ObjectId failed for value \":uid\" (type string) at path \"_id\" for model \"Users\"","timestamp":"2025-06-18T20:02:40.323Z"}
{"level":"error","message":"Error al obtener usuario id: Cast to ObjectId failed for value \"id\" (type string) at path \"_id\" for model \"Users\"","timestamp":"2025-06-18T20:02:44.409Z"}
{"level":"error","message":"Error al obtener usuario 123abc: Cast to ObjectId failed for value \"123abc\" (type string) at path \"_id\" for model \"Users\"","timestamp":"2025-06-18T20:04:52.864Z"}
{"level":"warn","message":"Usuario no encontrado: ID 6648d1215dfaf6c418fe4c80","timestamp":"2025-06-18T20:06:04.265Z"}
{"level":"error","message":"Error al actualizar usuario 123abc: Cast to ObjectId failed for value \"123abc\" (type string) at path \"_id\" for model \"Users\"","timestamp":"2025-06-18T20:08:59.867Z"}
{"level":"error","message":"Error al eliminar usuario 123abc: Cast to ObjectId failed for value \"123abc\" (type string) at path \"_id\" for model \"Users\"","timestamp":"2025-06-18T20:09:32.033Z"}
{"level":"warn","message":"Faltan campos obligatorios para crear una mascota","timestamp":"2025-06-18T20:39:28.695Z"}
{"level":"warn","message":"Faltan datos o imagen para crear mascota con imagen","timestamp":"2025-06-18T20:40:28.298Z"}
{"level":"warn","message":"ID inválido para actualización: {6849a1b9fc1b10983f9ffab4}","timestamp":"2025-06-18T20:41:51.487Z"}
{"level":"warn","message":"Faltan campos obligatorios para crear una mascota","timestamp":"2025-06-18T20:42:02.506Z"}
{"level":"warn","message":"ID inválido para actualización: 685324b195a70d6c6b60df","timestamp":"2025-06-18T20:43:41.462Z"}
{"level":"warn","message":"Adopción no encontrada: ID 6648f123abc1234def5678aa","timestamp":"2025-06-18T21:55:35.611Z"}
{"level":"warn","message":"ID de usuario o mascota inválido. UID: :uid | PID: :pid","timestamp":"2025-06-18T21:55:54.753Z"}
{"level":"warn","message":"Login con campos incompletos","timestamp":"2025-06-18T22:39:21.448Z"}
{"level":"error","message":"Error en unprotected login: Expected \"payload\" to be a plain object.","timestamp":"2025-06-18T22:42:27.424Z"}
{"level":"warn","message":"¡Alerta!","timestamp":"2025-06-25T02:33:18.983Z"}
{"level":"warn","message":"¡Alerta!","timestamp":"2025-06-25T12:35:26.420Z"}
{"level":"error","message":"Error al obtener usuario :uid: mongoose is not defined","timestamp":"2025-06-25T14:13:00.213Z"}
{"level":"error","message":"Error al obtener usuario :uid: mongoose is not defined","timestamp":"2025-06-25T14:13:01.630Z"}
{"level":"error","message":"Error al obtener usuario :uid: mongoose is not defined","timestamp":"2025-06-25T14:13:03.081Z"}
{"level":"error","message":"Error al obtener usuario :uid: mongoose is not defined","timestamp":"2025-06-25T14:13:04.403Z"}
{"level":"error","message":"Error al obtener usuario :uid: mongoose is not defined","timestamp":"2025-06-25T14:13:04.658Z"}
{"level":"error","message":"Error al obtener usuario :uid: mongoose is not defined","timestamp":"2025-06-25T14:13:05.588Z"}
{"level":"error","message":"Error al obtener usuario :uid: mongoose is not defined","timestamp":"2025-06-25T14:14:44.552Z"}
{"level":"error","message":"Error al obtener usuario :uid: mongoose is not defined","timestamp":"2025-06-25T14:14:46.072Z"}
{"level":"error","message":"Error al obtener usuario {id}: mongoose is not defined","timestamp":"2025-06-25T20:54:00.372Z"}
{"level":"error","message":"Error al obtener usuario {id}: mongoose is not defined","timestamp":"2025-06-25T20:54:01.918Z"}
{"level":"error","message":"Error al obtener usuario {id}: mongoose is not defined","timestamp":"2025-06-25T20:54:46.531Z"}
{"level":"error","message":"Error al obtener usuario {id}: mongoose is not defined","timestamp":"2025-06-25T20:54:48.318Z"}
{"level":"error","message":"Error al obtener usuario {id}: mongoose is not defined","timestamp":"2025-06-25T21:00:23.242Z"}
{"level":"error","message":"Error al obtener usuario {id}: mongoose is not defined","timestamp":"2025-06-25T21:00:24.866Z"}
{"level":"error","message":"Error al obtener usuario {id}: mongoose is not defined","timestamp":"2025-06-25T21:01:46.967Z"}
{"level":"error","message":"Error al obtener usuario 123: mongoose is not defined","timestamp":"2025-06-25T21:06:06.250Z"}
{"level":"error","message":"Error al obtener usuario 1234: mongoose is not defined","timestamp":"2025-06-25T21:08:05.392Z"}
{"level":"warn","message":"Intento de actualizar usuario inexistente: ID 638bb233f7504b3dedc9387e","timestamp":"2025-06-25T21:42:44.547Z"}
{"level":"warn","message":"¡Alerta!","timestamp":"2025-07-01T19:05:50.453Z"}
{"level":"error","message":"Error al generar usuarios y mascotas falsas: User validation failed: first_name: Path `first_name` is required.","timestamp":"2025-07-01T19:18:22.452Z"}
{"level":"error","message":"Error al crear mascota: petsRepository is not defined","timestamp":"2025-07-01T19:19:10.550Z"}
{"level":"error","message":"Error al crear mascota: petsRepository is not defined","timestamp":"2025-07-01T19:20:33.663Z"}
{"level":"error","message":"Error al crear mascota: petsRepository is not defined","timestamp":"2025-07-01T19:24:25.793Z"}
{"level":"error","message":"Error al crear mascota: petsRepository is not defined","timestamp":"2025-07-01T19:25:42.467Z"}
{"level":"error","message":"Error al crear mascota: petsRepository is not defined","timestamp":"2025-07-01T19:26:38.210Z"}
{"level":"error","message":"Error al crear mascota: petsRepository is not defined","timestamp":"2025-07-01T20:11:40.857Z"}
{"level":"error","message":"Error al crear mascota: petsRepository is not defined","timestamp":"2025-07-01T20:16:09.789Z"}
{"level":"error","message":"Error al crear mascota: petsRepository is not defined","timestamp":"2025-07-01T20:22:30.492Z"}
{"level":"error","message":"Error al crear mascota: petsRepository is not defined","timestamp":"2025-07-01T20:23:25.610Z"}
{"level":"warn","message":"Faltan campos obligatorios para crear una mascota","timestamp":"2025-07-14T17:53:49.058Z"}
{"level":"warn","message":"Faltan campos obligatorios para crear una mascota","timestamp":"2025-07-14T19:21:46.117Z"}
{"level":"error","message":"Error al registrar usuario: this.repository.getByEmail is not a function","timestamp":"2025-07-14T20:11:31.461Z"}
{"level":"error","message":"Error al registrar usuario: this.repository.getByEmail is not a function","timestamp":"2025-07-14T20:14:23.477Z"}
{"level":"error","message":"Error al registrar usuario: this.repository.getByEmail is not a function","timestamp":"2025-07-14T20:20:29.789Z"}
{"level":"error","message":"Error al registrar usuario: this.repository.getByEmail is not a function","timestamp":"2025-07-14T20:23:58.561Z"}
{"level":"error","message":"Error al registrar usuario: this.repository.getByEmail is not a function","timestamp":"2025-07-14T20:26:10.185Z"}
{"level":"error","message":"Error al registrar usuario: this.repository.getByEmail is not a function","timestamp":"2025-07-14T20:26:52.026Z"}
{"level":"error","message":"Error al registrar usuario: this.repository.getByEmail is not a function","timestamp":"2025-07-14T20:27:27.919Z"}
{"level":"error","message":"Error en login: this.repository.getByEmail is not a function","timestamp":"2025-07-14T20:27:27.931Z"}
{"level":"error","message":"Error al registrar usuario: this.repository.getByEmail is not a function","timestamp":"2025-07-14T20:29:09.923Z"}
{"level":"error","message":"Error al registrar usuario: this.repository.getByEmail is not a function","timestamp":"2025-07-14T20:38:48.087Z"}
{"level":"error","message":"Error al registrar usuario: this.repository.getByEmail is not a function","timestamp":"2025-07-14T20:44:25.625Z"}
{"level":"error","message":"Error al registrar usuario: this.repository.getByEmail is not a function","timestamp":"2025-07-14T21:04:13.582Z"}
{"level":"error","message":"Error en login: userDTO is not defined","timestamp":"2025-07-14T21:10:45.196Z"}
{"level":"error","message":"Error en login: userDTO is not defined","timestamp":"2025-07-14T21:17:12.795Z"}
{"level":"error","message":"Error en login: userDTO is not defined","timestamp":"2025-07-14T21:19:26.788Z"}
{"level":"error","message":"Error en login: data and hash arguments required","timestamp":"2025-07-14T21:19:51.741Z"}
{"level":"error","message":"Error en login: data and hash arguments required","timestamp":"2025-07-14T21:21:39.102Z"}
{"level":"error","message":"Error en login: data and hash arguments required","timestamp":"2025-07-14T21:21:57.415Z"}
{"level":"error","message":"Error en login: data and hash arguments required","timestamp":"2025-07-14T21:25:21.564Z"}
{"level":"error","message":"Error en login: data and hash arguments required","timestamp":"2025-07-14T21:26:51.881Z"}
{"level":"error","message":"Error en login: data and hash arguments required","timestamp":"2025-07-14T21:29:55.956Z"}
{"level":"error","message":"Error en login: data and hash arguments required","timestamp":"2025-07-14T21:30:09.535Z"}
{"level":"error","message":"Error en login: data and hash arguments required","timestamp":"2025-07-14T21:55:54.626Z"}
{"level":"error","message":"Error en login: El usuario no existe","timestamp":"2025-07-14T21:57:46.398Z"}
{"level":"error","message":"Error en login: data and hash arguments required","timestamp":"2025-07-14T22:06:29.720Z"}
{"level":"error","message":"Error al obtener todos los usuarios: usersService.getAll is not a function","timestamp":"2025-07-14T22:10:44.877Z"}
{"level":"error","message":"Error al obtener todos los usuarios: usersService.getAll is not a function","timestamp":"2025-07-14T22:13:59.877Z"}
{"level":"error","message":"Error al obtener todos los usuarios: usersService.getAll is not a function","timestamp":"2025-07-14T22:14:48.412Z"}
{"level":"error","message":"Error al obtener todos los usuarios: this.repository.getAllUsers is not a function","timestamp":"2025-07-14T22:17:06.166Z"}
{"level":"error","message":"Error al obtener todos los usuarios: this.repository.getAllUsers is not a function","timestamp":"2025-07-14T22:19:44.083Z"}
{"level":"error","message":"Error al obtener todos los usuarios: this.repository.getAllUsers is not a function","timestamp":"2025-07-14T22:20:18.056Z"}
{"level":"error","message":"Error al obtener todos los usuarios: this.repository.getAllUsers is not a function","timestamp":"2025-07-14T22:20:39.325Z"}
{"level":"error","message":"Error al obtener todos los usuarios: this.repository.getAllUsers is not a function","timestamp":"2025-07-14T22:27:16.623Z"}
{"level":"error","message":"Error al obtener todos los usuarios: this.repository.getAllUsers is not a function","timestamp":"2025-07-15T01:21:58.042Z"}
{"level":"error","message":"Error al obtener todos los usuarios: this.repository.getAllUsers is not a function","timestamp":"2025-07-15T01:28:40.512Z"}
{"level":"error","message":"Error al obtener todos los usuarios: this.repository.getAllUsers is not a function","timestamp":"2025-07-15T01:30:35.949Z"}
{"level":"error","message":"Error al obtener todos los usuarios: this.repository.getAllUsers is not a function","timestamp":"2025-07-15T01:32:41.789Z"}
{"level":"error","message":"Error al obtener todos los usuarios: this.repository.getAllUsers is not a function","timestamp":"2025-07-15T01:33:03.292Z"}
{"level":"error","message":"Error al obtener todos los usuarios: this.repository.getAllUsers is not a function","timestamp":"2025-07-15T01:34:02.577Z"}
{"level":"error","message":"Error al obtener todos los usuarios: this.repository.getAllUsers is not a function","timestamp":"2025-07-15T01:38:44.554Z"}
{"level":"error","message":"Error al obtener usuario undefined: mongoose is not defined","timestamp":"2025-07-15T01:52:38.882Z"}
{"level":"error","message":"Error al obtener usuario undefined: mongoose is not defined","timestamp":"2025-07-15T01:56:33.143Z"}
{"level":"warn","message":"ID inválido recibido: undefined","timestamp":"2025-07-15T01:57:46.107Z"}
{"level":"warn","message":"ID inválido recibido: undefined","timestamp":"2025-07-15T02:01:17.656Z"}
{"level":"warn","message":"ID inválido recibido: undefined","timestamp":"2025-07-15T02:02:46.755Z"}
{"level":"error","message":"Error al actualizar usuario 6875b9eb3bfdef9a8b8b049a: usersService.update is not a function","timestamp":"2025-07-15T02:16:11.942Z"}
{"level":"error","message":"Error al actualizar usuario 6875bac93bfdef9a8b8b04a9: usersService.update is not a function","timestamp":"2025-07-15T02:19:53.499Z"}
{"level":"error","message":"Error al eliminar usuario 6875bac93bfdef9a8b8b04ae: user is not defined","timestamp":"2025-07-15T02:19:53.938Z"}
{"level":"error","message":"Error al eliminar usuario 6875bb9425eb2e67e9f919f6: user is not defined","timestamp":"2025-07-15T02:23:16.528Z"}
{"level":"error","message":"Error al eliminar usuario 6875bd84be5521f770d2feab: usersService.delete is not a function","timestamp":"2025-07-15T02:31:32.963Z"}
{"level":"error","message":"Error al eliminar usuario 6875bebbbe5521f770d2fec1: usersService.delete is not a function","timestamp":"2025-07-15T02:36:44.196Z"}
{"level":"warn","message":"Usuario no encontrado: ID 6875bfa4207619e8cfe52a74","timestamp":"2025-07-15T02:40:36.745Z"}
{"level":"warn","message":"Faltan campos obligatorios para actualizar usuario: {\"first_name\":\"Actualizada\",\"email\":\"nueva@correo.com\"}","timestamp":"2025-07-15T02:48:57.702Z"}
{"level":"warn","message":"Faltan campos obligatorios para actualizar usuario: {\"first_name\":\"SoloNombre\"}","timestamp":"2025-07-15T02:48:58.092Z"}
{"level":"warn","message":"Usuario no encontrado: ID 6875c19aa61d7cdec06346e2","timestamp":"2025-07-15T02:48:58.647Z"}
{"level":"warn","message":"Faltan campos obligatorios para actualizar usuario: {\"first_name\":\"Actualizada\",\"email\":\"nueva@correo.com\"}","timestamp":"2025-07-15T02:50:14.732Z"}
{"level":"warn","message":"Usuario no encontrado: ID 6875c1e6a61d7cdec06346f7","timestamp":"2025-07-15T02:50:15.259Z"}
{"level":"warn","message":"Faltan campos obligatorios para actualizar usuario: {\"first_name\":\"Actualizada\",\"email\":\"nueva@correo.com\"}","timestamp":"2025-07-15T02:56:00.753Z"}
{"level":"warn","message":"Faltan campos obligatorios para actualizar usuario: {\"first_name\":\"SoloNombre\"}","timestamp":"2025-07-15T02:56:01.212Z"}
{"level":"warn","message":"Usuario no encontrado: ID 6875c3417b67d438e9b268d1","timestamp":"2025-07-15T02:56:01.869Z"}
{"level":"warn","message":"Usuario no encontrado: ID 64c3e1e4ed84999999999999","timestamp":"2025-07-15T02:56:02.319Z"}
{"level":"warn","message":"Usuario no encontrado: ID 6875c4c737d9ace2b4abf931","timestamp":"2025-07-15T03:02:31.888Z"}
{"level":"warn","message":"Usuario no encontrado: ID 64c3e1e4ed84999999999999","timestamp":"2025-07-15T03:02:32.347Z"}
{"level":"warn","message":"Faltan campos obligatorios para actualizar usuario: {\"first_name\":\"SoloNombre\"}","timestamp":"2025-07-15T03:03:23.287Z"}
{"level":"warn","message":"Usuario no encontrado: ID 6875c4fb37d9ace2b4abf952","timestamp":"2025-07-15T03:03:23.869Z"}
{"level":"warn","message":"Usuario no encontrado: ID 64c3e1e4ed84999999999999","timestamp":"2025-07-15T03:03:24.332Z"}
{"level":"warn","message":"Faltan campos obligatorios para crear una mascota","timestamp":"2025-07-18T00:25:59.228Z"}
{"level":"warn","message":"Faltan campos obligatorios para crear una mascota","timestamp":"2025-07-18T00:31:04.284Z"}
{"level":"warn","message":"Faltan campos obligatorios para actualizar usuario: {\"first_name\":\"SoloNombre\"}","timestamp":"2025-07-18T00:31:07.417Z"}
{"level":"warn","message":"Usuario no encontrado: ID 687995cb80fb58106d47804a","timestamp":"2025-07-18T00:31:08.188Z"}
{"level":"warn","message":"Usuario no encontrado: ID 64c3e1e4ed84999999999999","timestamp":"2025-07-18T00:31:08.683Z"}
{"level":"warn","message":"Faltan campos obligatorios para actualizar usuario: {\"first_name\":\"SoloNombre\"}","timestamp":"2025-07-18T00:38:49.108Z"}
{"level":"warn","message":"Usuario no encontrado: ID 6879979980fb58106d478072","timestamp":"2025-07-18T00:38:49.728Z"}
{"level":"warn","message":"Usuario no encontrado: ID 64c3e1e4ed84999999999999","timestamp":"2025-07-18T00:38:50.312Z"}
{"level":"warn","message":"Faltan campos obligatorios para actualizar usuario: {\"first_name\":\"SoloNombre\"}","timestamp":"2025-07-18T00:49:20.016Z"}
{"level":"warn","message":"Usuario no encontrado: ID 68799a1080fb58106d47809e","timestamp":"2025-07-18T00:49:20.622Z"}
{"level":"warn","message":"Usuario no encontrado: ID 64c3e1e4ed84999999999999","timestamp":"2025-07-18T00:49:21.092Z"}
{"level":"warn","message":"Faltan campos obligatorios para actualizar usuario: {\"first_name\":\"SoloNombre\"}","timestamp":"2025-07-18T00:59:19.090Z"}
{"level":"warn","message":"Usuario no encontrado: ID 68799c6780fb58106d4780ce","timestamp":"2025-07-18T00:59:19.667Z"}
{"level":"warn","message":"Usuario no encontrado: ID 64c3e1e4ed84999999999999","timestamp":"2025-07-18T00:59:20.147Z"}
{"level":"warn","message":"Faltan campos obligatorios para actualizar usuario: {\"first_name\":\"SoloNombre\"}","timestamp":"2025-07-18T01:01:38.254Z"}
{"level":"warn","message":"Usuario no encontrado: ID 68799cf280fb58106d478101","timestamp":"2025-07-18T01:01:38.843Z"}
{"level":"warn","message":"Usuario no encontrado: ID 64c3e1e4ed84999999999999","timestamp":"2025-07-18T01:01:39.311Z"}
{"level":"warn","message":"ID inválido para actualización: 123","timestamp":"2025-07-18T01:05:04.360Z"}
{"level":"error","message":"Error al eliminar mascota 64c3e1e4ed84999999999999: Mascota no encontrada para eliminar","timestamp":"2025-07-18T01:05:04.539Z"}
{"level":"warn","message":"Faltan campos obligatorios para actualizar usuario: {\"first_name\":\"SoloNombre\"}","timestamp":"2025-07-18T01:05:07.580Z"}
{"level":"warn","message":"Usuario no encontrado: ID 68799dc380fb58106d478139","timestamp":"2025-07-18T01:05:08.693Z"}
{"level":"warn","message":"Usuario no encontrado: ID 64c3e1e4ed84999999999999","timestamp":"2025-07-18T01:05:09.220Z"}
{"level":"warn","message":"ID inválido para actualización: 123","timestamp":"2025-07-18T01:07:39.859Z"}
{"level":"error","message":"Error al eliminar mascota 64c3e1e4ed84999999999999: Mascota no encontrada para eliminar","timestamp":"2025-07-18T01:07:40.040Z"}
{"level":"warn","message":"Faltan campos obligatorios para actualizar usuario: {\"first_name\":\"SoloNombre\"}","timestamp":"2025-07-18T01:07:43.061Z"}
{"level":"warn","message":"Usuario no encontrado: ID 68799e5f80fb58106d478171","timestamp":"2025-07-18T01:07:43.655Z"}
{"level":"warn","message":"Usuario no encontrado: ID 64c3e1e4ed84999999999999","timestamp":"2025-07-18T01:07:44.300Z"}
{"level":"warn","message":"ID inválido para actualización: 123","timestamp":"2025-07-18T01:11:19.291Z"}
{"level":"error","message":"Error al eliminar mascota 64c3e1e4ed84999999999999: Mascota no encontrada para eliminar","timestamp":"2025-07-18T01:11:19.484Z"}
{"level":"warn","message":"Faltan campos obligatorios para actualizar usuario: {\"first_name\":\"SoloNombre\"}","timestamp":"2025-07-18T01:11:23.193Z"}
{"level":"warn","message":"Usuario no encontrado: ID 68799f3b80fb58106d4781a9","timestamp":"2025-07-18T01:11:24.237Z"}
{"level":"warn","message":"Usuario no encontrado: ID 64c3e1e4ed84999999999999","timestamp":"2025-07-18T01:11:24.736Z"}
{"level":"error","message":"Error al obtener adopciones: adoptionService.getAll is not a function","timestamp":"2025-07-18T01:34:09.491Z"}
{"level":"warn","message":"ID inválido para actualización: 123","timestamp":"2025-07-18T01:34:11.548Z"}
{"level":"error","message":"Error al eliminar mascota 64c3e1e4ed84999999999999: Mascota no encontrada para eliminar","timestamp":"2025-07-18T01:34:11.728Z"}
{"level":"warn","message":"Faltan campos obligatorios para actualizar usuario: {\"first_name\":\"SoloNombre\"}","timestamp":"2025-07-18T01:34:14.664Z"}
{"level":"warn","message":"Usuario no encontrado: ID 6879a49680fb58106d4781e7","timestamp":"2025-07-18T01:34:15.285Z"}
{"level":"warn","message":"Usuario no encontrado: ID 64c3e1e4ed84999999999999","timestamp":"2025-07-18T01:34:15.726Z"}
{"level":"error","message":"Error al obtener adopciones: adoptionService.getAll is not a function","timestamp":"2025-07-18T01:38:34.879Z"}
{"level":"error","message":"Error al crear adopción: usersService is not defined","timestamp":"2025-07-18T01:38:35.519Z"}
{"level":"warn","message":"ID inválido para actualización: 123","timestamp":"2025-07-18T01:38:37.938Z"}
{"level":"error","message":"Error al eliminar mascota 64c3e1e4ed84999999999999: Mascota no encontrada para eliminar","timestamp":"2025-07-18T01:38:38.135Z"}
{"level":"warn","message":"Faltan campos obligatorios para actualizar usuario: {\"first_name\":\"SoloNombre\"}","timestamp":"2025-07-18T01:38:41.113Z"}
{"level":"warn","message":"Usuario no encontrado: ID 6879a5a180fb58106d47822b","timestamp":"2025-07-18T01:38:41.722Z"}
{"level":"warn","message":"Usuario no encontrado: ID 64c3e1e4ed84999999999999","timestamp":"2025-07-18T01:38:42.216Z"}
{"level":"error","message":"Error al obtener adopciones: adoptionService.getAll is not a function","timestamp":"2025-07-18T01:52:44.373Z"}
{"level":"error","message":"Error al crear adopción: usersService is not defined","timestamp":"2025-07-18T01:52:45.244Z"}
{"level":"warn","message":"ID inválido para actualización: 123","timestamp":"2025-07-18T01:52:47.618Z"}
{"level":"error","message":"Error al eliminar mascota 64c3e1e4ed84999999999999: Mascota no encontrada para eliminar","timestamp":"2025-07-18T01:52:47.808Z"}
{"level":"warn","message":"Faltan campos obligatorios para actualizar usuario: {\"first_name\":\"SoloNombre\"}","timestamp":"2025-07-18T01:52:50.699Z"}
{"level":"warn","message":"Usuario no encontrado: ID 6879a8f280fb58106d47826f","timestamp":"2025-07-18T01:52:51.277Z"}
{"level":"warn","message":"Usuario no encontrado: ID 64c3e1e4ed84999999999999","timestamp":"2025-07-18T01:52:51.769Z"}
{"level":"error","message":"Error al obtener adopciones: adoptionService.getAll is not a function","timestamp":"2025-07-18T01:54:45.563Z"}
{"level":"error","message":"Error al crear adopción: usersService.getById is not a function","timestamp":"2025-07-18T01:54:46.197Z"}
{"level":"warn","message":"ID inválido para actualización: 123","timestamp":"2025-07-18T01:54:48.316Z"}
{"level":"error","message":"Error al eliminar mascota 64c3e1e4ed84999999999999: Mascota no encontrada para eliminar","timestamp":"2025-07-18T01:54:48.491Z"}
{"level":"warn","message":"Faltan campos obligatorios para actualizar usuario: {\"first_name\":\"SoloNombre\"}","timestamp":"2025-07-18T01:54:51.223Z"}
{"level":"warn","message":"Usuario no encontrado: ID 6879a96b2217cc6fa136abbc","timestamp":"2025-07-18T01:54:51.795Z"}
{"level":"warn","message":"Usuario no encontrado: ID 64c3e1e4ed84999999999999","timestamp":"2025-07-18T01:54:52.218Z"}
{"level":"error","message":"Error al obtener adopciones: adoptionService.getAll is not a function","timestamp":"2025-07-18T02:00:08.637Z"}
{"level":"error","message":"Error al crear adopción: usersService.getById is not a function","timestamp":"2025-07-18T02:00:09.225Z"}
{"level":"warn","message":"ID inválido para actualización: 123","timestamp":"2025-07-18T02:00:11.377Z"}
{"level":"error","message":"Error al eliminar mascota 64c3e1e4ed84999999999999: Mascota no encontrada para eliminar","timestamp":"2025-07-18T02:00:11.545Z"}
{"level":"warn","message":"Faltan campos obligatorios para actualizar usuario: {\"first_name\":\"SoloNombre\"}","timestamp":"2025-07-18T02:00:14.347Z"}
{"level":"warn","message":"Usuario no encontrado: ID 6879aaaf2217cc6fa136ac00","timestamp":"2025-07-18T02:00:16.250Z"}
{"level":"warn","message":"Usuario no encontrado: ID 64c3e1e4ed84999999999999","timestamp":"2025-07-18T02:00:16.716Z"}
{"level":"warn","message":"ID inválido para actualización: 123","timestamp":"2025-07-18T02:00:59.510Z"}
{"level":"error","message":"Error al eliminar mascota 64c3e1e4ed84999999999999: Mascota no encontrada para eliminar","timestamp":"2025-07-18T02:00:59.697Z"}
{"level":"warn","message":"Faltan campos obligatorios para actualizar usuario: {\"first_name\":\"SoloNombre\"}","timestamp":"2025-07-18T02:01:02.774Z"}
{"level":"warn","message":"Usuario no encontrado: ID 6879aade882275cd12526812","timestamp":"2025-07-18T02:01:03.352Z"}
{"level":"warn","message":"Usuario no encontrado: ID 64c3e1e4ed84999999999999","timestamp":"2025-07-18T02:01:03.830Z"}
{"level":"warn","message":"ID inválido para actualización: 123","timestamp":"2025-07-18T02:03:59.910Z"}
{"level":"error","message":"Error al eliminar mascota 64c3e1e4ed84999999999999: Mascota no encontrada para eliminar","timestamp":"2025-07-18T02:04:00.089Z"}
{"level":"warn","message":"Faltan campos obligatorios para actualizar usuario: {\"first_name\":\"SoloNombre\"}","timestamp":"2025-07-18T02:04:03.277Z"}
{"level":"warn","message":"Usuario no encontrado: ID 6879ab93956afb1940238558","timestamp":"2025-07-18T02:04:03.878Z"}
{"level":"warn","message":"Usuario no encontrado: ID 64c3e1e4ed84999999999999","timestamp":"2025-07-18T02:04:04.405Z"}
{"level":"warn","message":"ID inválido para actualización: 123","timestamp":"2025-07-18T02:06:52.078Z"}
{"level":"error","message":"Error al eliminar mascota 64c3e1e4ed84999999999999: Mascota no encontrada para eliminar","timestamp":"2025-07-18T02:06:52.229Z"}
{"level":"warn","message":"Faltan campos obligatorios para actualizar usuario: {\"first_name\":\"SoloNombre\"}","timestamp":"2025-07-18T02:06:56.615Z"}
{"level":"warn","message":"Usuario no encontrado: ID 6879ac408f1bb2eeff312b9f","timestamp":"2025-07-18T02:06:57.185Z"}
{"level":"warn","message":"Usuario no encontrado: ID 64c3e1e4ed84999999999999","timestamp":"2025-07-18T02:06:57.613Z"}
{"level":"warn","message":"ID inválido para actualización: 123","timestamp":"2025-07-18T03:21:08.585Z"}
{"level":"error","message":"Error al eliminar mascota 64c3e1e4ed84999999999999: Mascota no encontrada para eliminar","timestamp":"2025-07-18T03:21:08.767Z"}
{"level":"warn","message":"Faltan campos obligatorios para actualizar usuario: {\"first_name\":\"SoloNombre\"}","timestamp":"2025-07-18T03:21:11.682Z"}
{"level":"warn","message":"Usuario no encontrado: ID 6879bda78f1bb2eeff312be7","timestamp":"2025-07-18T03:21:12.280Z"}
{"level":"warn","message":"Usuario no encontrado: ID 64c3e1e4ed84999999999999","timestamp":"2025-07-18T03:21:12.744Z"}
{"level":"warn","message":"ID inválido para actualización: 123","timestamp":"2025-07-18T03:23:05.530Z"}
{"level":"error","message":"Error al eliminar mascota 64c3e1e4ed84999999999999: Mascota no encontrada para eliminar","timestamp":"2025-07-18T03:23:06.285Z"}
{"level":"warn","message":"Faltan campos obligatorios para actualizar usuario: {\"first_name\":\"SoloNombre\"}","timestamp":"2025-07-18T03:23:09.728Z"}
{"level":"warn","message":"Usuario no encontrado: ID 6879be1d5125ec5757e7cc43","timestamp":"2025-07-18T03:23:10.436Z"}
{"level":"warn","message":"Usuario no encontrado: ID 64c3e1e4ed84999999999999","timestamp":"2025-07-18T03:23:12.015Z"}
{"level":"warn","message":"ID inválido para actualización: 123","timestamp":"2025-07-18T03:27:28.365Z"}
{"level":"error","message":"Error al eliminar mascota 64c3e1e4ed84999999999999: Mascota no encontrada para eliminar","timestamp":"2025-07-18T03:27:28.548Z"}
{"level":"warn","message":"Faltan campos obligatorios para actualizar usuario: {\"first_name\":\"SoloNombre\"}","timestamp":"2025-07-18T03:27:31.536Z"}
{"level":"warn","message":"Usuario no encontrado: ID 6879bf23b8e448d9cf615fcc","timestamp":"2025-07-18T03:27:32.114Z"}
{"level":"warn","message":"Usuario no encontrado: ID 64c3e1e4ed84999999999999","timestamp":"2025-07-18T03:27:32.609Z"}
{"level":"warn","message":"Faltan campos obligatorios para crear una mascota","timestamp":"2025-07-18T03:38:33.634Z"}
{"level":"warn","message":"ID inválido para actualización: 123","timestamp":"2025-07-18T03:39:34.524Z"}
{"level":"error","message":"Error al eliminar mascota 64c3e1e4ed84999999999999: Mascota no encontrada para eliminar","timestamp":"2025-07-18T03:39:34.678Z"}
{"level":"warn","message":"Faltan campos obligatorios para actualizar usuario: {\"first_name\":\"SoloNombre\"}","timestamp":"2025-07-18T03:39:37.571Z"}
{"level":"warn","message":"Usuario no encontrado: ID 6879c1f98ba21862df370ca0","timestamp":"2025-07-18T03:39:38.109Z"}
{"level":"warn","message":"Usuario no encontrado: ID 64c3e1e4ed84999999999999","timestamp":"2025-07-18T03:39:38.583Z"}
{"level":"warn","message":"ID inválido para actualización: 123","timestamp":"2025-07-18T03:44:42.951Z"}
{"level":"error","message":"Error al eliminar mascota 64c3e1e4ed84999999999999: Mascota no encontrada para eliminar","timestamp":"2025-07-18T03:44:43.137Z"}
{"level":"warn","message":"Faltan campos obligatorios para actualizar usuario: {\"first_name\":\"SoloNombre\"}","timestamp":"2025-07-18T03:44:46.633Z"}
{"level":"warn","message":"Usuario no encontrado: ID 6879c32f8ba21862df370ce8","timestamp":"2025-07-18T03:44:48.116Z"}
{"level":"warn","message":"Usuario no encontrado: ID 64c3e1e4ed84999999999999","timestamp":"2025-07-18T03:44:48.559Z"}
{"level":"warn","message":"ID inválido para actualización: 123","timestamp":"2025-07-18T03:51:39.824Z"}
{"level":"error","message":"Error al eliminar mascota 64c3e1e4ed84999999999999: Mascota no encontrada para eliminar","timestamp":"2025-07-18T03:51:40.018Z"}
{"level":"warn","message":"Faltan campos obligatorios para actualizar usuario: {\"first_name\":\"SoloNombre\"}","timestamp":"2025-07-18T03:51:43.354Z"}
{"level":"warn","message":"Usuario no encontrado: ID 6879c4cf8ba21862df370d30","timestamp":"2025-07-18T03:51:43.908Z"}
{"level":"warn","message":"Usuario no encontrado: ID 64c3e1e4ed84999999999999","timestamp":"2025-07-18T03:51:44.320Z"}
{"level":"warn","message":"ID inválido para actualización: 123","timestamp":"2025-07-18T04:01:43.927Z"}
{"level":"error","message":"Error al eliminar mascota 64c3e1e4ed84999999999999: Mascota no encontrada para eliminar","timestamp":"2025-07-18T04:01:44.115Z"}
{"level":"warn","message":"Faltan campos obligatorios para actualizar usuario: {\"first_name\":\"SoloNombre\"}","timestamp":"2025-07-18T04:01:46.950Z"}
{"level":"warn","message":"Usuario no encontrado: ID 6879c72b8ba21862df370d78","timestamp":"2025-07-18T04:01:47.540Z"}
{"level":"warn","message":"Usuario no encontrado: ID 64c3e1e4ed84999999999999","timestamp":"2025-07-18T04:01:47.990Z"}
{"level":"warn","message":"ID inválido para actualización: 123","timestamp":"2025-07-18T04:02:42.879Z"}
{"level":"error","message":"Error al eliminar mascota 64c3e1e4ed84999999999999: Mascota no encontrada para eliminar","timestamp":"2025-07-18T04:02:43.039Z"}
{"level":"error","message":"Error al obtener usuario 6879c764a180e94f81537fe0: mongoose is not defined","timestamp":"2025-07-18T04:02:44.885Z"}
{"level":"error","message":"Error al actualizar usuario 6879c765a180e94f81537fe4: mongoose is not defined","timestamp":"2025-07-18T04:02:45.285Z"}
{"level":"warn","message":"Faltan campos obligatorios para actualizar usuario: {\"first_name\":\"SoloNombre\"}","timestamp":"2025-07-18T04:02:45.706Z"}
{"level":"error","message":"Error al eliminar usuario 6879c765a180e94f81537fec: mongoose is not defined","timestamp":"2025-07-18T04:02:46.115Z"}
{"level":"error","message":"Error al obtener usuario 64c3e1e4ed84999999999999: mongoose is not defined","timestamp":"2025-07-18T04:02:46.560Z"}
{"level":"warn","message":"ID inválido para actualización: 123","timestamp":"2025-07-18T04:06:30.560Z"}
{"level":"error","message":"Error al eliminar mascota 64c3e1e4ed84999999999999: Mascota no encontrada para eliminar","timestamp":"2025-07-18T04:06:30.731Z"}
{"level":"warn","message":"Faltan campos obligatorios para actualizar usuario: {\"first_name\":\"SoloNombre\"}","timestamp":"2025-07-18T04:06:33.544Z"}
{"level":"warn","message":"Usuario no encontrado: ID 6879c8496f5d02dbc4ada4d4","timestamp":"2025-07-18T04:06:34.123Z"}
{"level":"warn","message":"Usuario no encontrado: ID 64c3e1e4ed84999999999999","timestamp":"2025-07-18T04:06:34.579Z"}
